2024-01-13 01:01:09.709 [info] Added views:workbench.panel.markers.view in workbench.panel.markers
2024-01-13 01:01:09.709 [info] Added views:workbench.panel.output in workbench.panel.output
2024-01-13 01:01:09.709 [info] Added views:terminal in terminal
2024-01-13 01:01:09.709 [info] Added views:outline in workbench.view.explorer
2024-01-13 01:01:09.709 [info] Added views:workbench.scm in workbench.view.scm
2024-01-13 01:01:09.709 [info] Added views:workbench.view.search in workbench.view.search
2024-01-13 01:01:09.709 [info] Added views:timeline in workbench.view.explorer
2024-01-13 01:01:09.709 [info] Added views:workbench.explorer.emptyView in workbench.view.explorer
2024-01-13 01:01:09.943 [info] Added views:workbench.debug.variablesView,workbench.debug.watchExpressionsView,workbench.debug.callStackView,workbench.debug.breakPointsView in workbench.view.debug
2024-01-13 01:01:10.183 [info] Added views:~remote.forwardedPorts in ~remote.forwardedPortsContainer
2024-01-13 01:01:10.409 [info] Added views:workbench.panel.repl.view in workbench.panel.repl
2024-01-13 01:01:10.410 [info] Removed views:workbench.debug.breakPointsView,workbench.debug.callStackView,workbench.debug.watchExpressionsView,workbench.debug.variablesView from workbench.view.debug
2024-01-13 01:01:10.411 [info] Added views:workbench.debug.welcome in workbench.view.debug
2024-01-13 01:01:20.923 [info] Added views:workbench.panel.markers.view in workbench.panel.markers
2024-01-13 01:01:20.923 [info] Added views:workbench.panel.output in workbench.panel.output
2024-01-13 01:01:20.923 [info] Added views:terminal in terminal
2024-01-13 01:01:20.923 [info] Added views:outline in workbench.view.explorer
2024-01-13 01:01:20.923 [info] Added views:workbench.scm in workbench.view.scm
2024-01-13 01:01:20.923 [info] Added views:workbench.view.search in workbench.view.search
2024-01-13 01:01:20.923 [info] Added views:timeline in workbench.view.explorer
2024-01-13 01:01:20.923 [info] Added views:workbench.explorer.fileView in workbench.view.explorer
2024-01-13 01:01:21.290 [info] Added views:workbench.debug.variablesView,workbench.debug.watchExpressionsView,workbench.debug.callStackView,workbench.debug.breakPointsView in workbench.view.debug
2024-01-13 01:01:21.370 [info] Added views:~remote.forwardedPorts in ~remote.forwardedPortsContainer
2024-01-13 01:01:21.548 [info] Added views:workbench.panel.repl.view in workbench.panel.repl
2024-01-13 01:01:21.551 [info] Removed views:workbench.debug.breakPointsView,workbench.debug.callStackView,workbench.debug.watchExpressionsView,workbench.debug.variablesView from workbench.view.debug
2024-01-13 01:01:21.551 [info] Added views:workbench.debug.welcome in workbench.view.debug
2024-01-13 01:01:26.102 [info] Added views:workbench.view.testing in workbench.view.extension.test
2024-01-13 01:02:54.201 [info] Removed views:workbench.view.testing from workbench.view.extension.test
