2024-01-13 00:38:42.112 [warning] [csharp]: Couldn't find message for key configuration.razor.server.trace.
2024-01-13 00:38:42.157 [warning] [csharp]: Couldn't find message for key configuration.razor.server.trace.
2024-01-13 00:38:42.199 [warning] [csharp]: Couldn't find message for key configuration.razor.server.trace.
2024-01-13 00:38:42.229 [warning] [csharp]: Couldn't find message for key configuration.razor.server.trace.
2024-01-13 00:38:42.231 [warning] [csharp]: Couldn't find message for key configuration.razor.server.trace.
2024-01-13 00:38:42.302 [warning] [csharp]: Couldn't find message for key configuration.razor.server.trace.
2024-01-13 00:38:42.348 [warning] [csharp]: Couldn't find message for key configuration.razor.server.trace.
2024-01-13 00:38:42.390 [warning] [csharp]: Couldn't find message for key configuration.razor.server.trace.
2024-01-13 00:38:42.481 [warning] [csharp]: Couldn't find message for key configuration.razor.server.trace.
2024-01-13 00:38:44.059 [warning] [csharp]: Couldn't find message for key configuration.razor.server.trace.
2024-01-13 00:38:44.062 [warning] [csharp]: Couldn't find message for key configuration.razor.server.trace.
2024-01-13 00:38:44.876 [warning] [csharp]: Couldn't find message for key configuration.razor.server.trace.
2024-01-13 00:39:06.731 [warning] [csharp]: Couldn't find message for key configuration.razor.server.trace.
2024-01-13 00:39:06.738 [warning] [csharp]: Couldn't find message for key configuration.razor.server.trace.
2024-01-13 00:39:06.765 [warning] [csharp]: Couldn't find message for key configuration.razor.server.trace.
2024-01-13 00:39:13.690 [info] Getting Manifest... bungcip.better-toml
2024-01-13 00:39:13.895 [info] Installing extension: bungcip.better-toml
2024-01-13 00:39:13.972 [warning] [csharp]: Couldn't find message for key configuration.razor.server.trace.
2024-01-13 00:39:14.049 [warning] [csharp]: Couldn't find message for key configuration.razor.server.trace.
2024-01-13 00:39:14.116 [warning] [csharp]: Couldn't find message for key configuration.razor.server.trace.
2024-01-13 00:39:15.370 [info] Extension signature verification is not done: bungcip.better-toml
2024-01-13 00:39:15.492 [info] Extracted extension to file:///home/aexyzk/.vscode-oss/extensions/bungcip.better-toml-0.3.2-universal: bungcip.better-toml
2024-01-13 00:39:15.504 [info] Renamed to /home/aexyzk/.vscode-oss/extensions/bungcip.better-toml-0.3.2-universal
2024-01-13 00:39:15.507 [info] Extracting extension completed. bungcip.better-toml
2024-01-13 00:39:15.522 [info] Extension installed successfully: bungcip.better-toml
2024-01-13 00:39:15.568 [error] [uncaught exception in sharedProcess]: Error: ENOENT: no such file or directory, stat '/home/aexyzk/.vscode-oss/extensions/extensions.json.vsctmp': EntryNotFound (FileSystemError): Error: ENOENT: no such file or directory, stat '/home/aexyzk/.vscode-oss/extensions/extensions.json.vsctmp'
    at r.create (/usr/lib/code/out/vs/code/node/sharedProcess/sharedProcessMain.js:51:30056)
    at a (/usr/lib/code/out/vs/code/node/sharedProcess/sharedProcessMain.js:51:30170)
    at s.fb (/usr/lib/code/out/vs/code/node/sharedProcess/sharedProcessMain.js:56:36175)
    at s.stat (/usr/lib/code/out/vs/code/node/sharedProcess/sharedProcessMain.js:56:28621)
    at async E.stat (/usr/lib/code/out/vs/code/node/sharedProcess/sharedProcessMain.js:56:15732)
    at async Y.tb (/usr/lib/code/out/vs/code/node/sharedProcess/sharedProcessMain.js:100:111319)
2024-01-13 00:43:44.171 [warning] [csharp]: Couldn't find message for key configuration.razor.server.trace.
2024-01-13 00:48:44.230 [warning] [csharp]: Couldn't find message for key configuration.razor.server.trace.
2024-01-13 00:53:44.291 [warning] [csharp]: Couldn't find message for key configuration.razor.server.trace.
2024-01-13 00:58:44.336 [warning] [csharp]: Couldn't find message for key configuration.razor.server.trace.
2024-01-13 01:01:09.880 [warning] [csharp]: Couldn't find message for key configuration.razor.server.trace.
2024-01-13 01:01:10.314 [warning] [csharp]: Couldn't find message for key configuration.razor.server.trace.
2024-01-13 01:01:10.338 [warning] [csharp]: Couldn't find message for key configuration.razor.server.trace.
2024-01-13 01:01:10.379 [warning] [csharp]: Couldn't find message for key configuration.razor.server.trace.
2024-01-13 01:01:10.467 [warning] [csharp]: Couldn't find message for key configuration.razor.server.trace.
2024-01-13 01:01:12.326 [warning] [csharp]: Couldn't find message for key configuration.razor.server.trace.
2024-01-13 01:01:12.331 [warning] [csharp]: Couldn't find message for key configuration.razor.server.trace.
2024-01-13 01:01:21.069 [warning] [csharp]: Couldn't find message for key configuration.razor.server.trace.
2024-01-13 01:01:21.472 [warning] [csharp]: Couldn't find message for key configuration.razor.server.trace.
2024-01-13 01:01:21.526 [warning] [csharp]: Couldn't find message for key configuration.razor.server.trace.
2024-01-13 01:01:21.557 [warning] [csharp]: Couldn't find message for key configuration.razor.server.trace.
2024-01-13 01:01:21.698 [warning] [csharp]: Couldn't find message for key configuration.razor.server.trace.
2024-01-13 01:01:23.559 [warning] [csharp]: Couldn't find message for key configuration.razor.server.trace.
2024-01-13 01:01:23.564 [warning] [csharp]: Couldn't find message for key configuration.razor.server.trace.
2024-01-13 01:03:44.385 [warning] [csharp]: Couldn't find message for key configuration.razor.server.trace.
2024-01-13 01:04:51.432 [warning] [csharp]: Couldn't find message for key configuration.razor.server.trace.
2024-01-13 01:04:51.851 [warning] [csharp]: Couldn't find message for key configuration.razor.server.trace.
2024-01-13 01:04:51.903 [warning] [csharp]: Couldn't find message for key configuration.razor.server.trace.
2024-01-13 01:04:51.941 [warning] [csharp]: Couldn't find message for key configuration.razor.server.trace.
2024-01-13 01:04:52.034 [warning] [csharp]: Couldn't find message for key configuration.razor.server.trace.
2024-01-13 01:04:53.915 [warning] [csharp]: Couldn't find message for key configuration.razor.server.trace.
2024-01-13 01:04:53.918 [warning] [csharp]: Couldn't find message for key configuration.razor.server.trace.
2024-01-13 01:09:54.014 [warning] [csharp]: Couldn't find message for key configuration.razor.server.trace.
2024-01-13 01:14:54.046 [warning] [csharp]: Couldn't find message for key configuration.razor.server.trace.
2024-01-13 01:19:54.109 [warning] [csharp]: Couldn't find message for key configuration.razor.server.trace.
2024-01-13 01:24:54.188 [warning] [csharp]: Couldn't find message for key configuration.razor.server.trace.
2024-01-13 01:29:54.215 [warning] [csharp]: Couldn't find message for key configuration.razor.server.trace.
2024-01-13 01:34:54.264 [warning] [csharp]: Couldn't find message for key configuration.razor.server.trace.
