2024-01-13 13:04:30.879 [info] Log level: Info
2024-01-13 13:04:30.879 [info] Validating found git in: "git"
2024-01-13 13:04:30.879 [info] Using git "2.43.0" from "git"
2024-01-13 13:04:30.879 [info] > git rev-parse --show-toplevel [3ms]
2024-01-13 13:04:30.879 [info] fatal: not a git repository (or any of the parent directories): .git
2024-01-13 13:04:30.879 [info] > git rev-parse --show-toplevel [6ms]
2024-01-13 13:04:30.879 [info] fatal: not a git repository (or any of the parent directories): .git
2024-01-13 13:04:30.980 [info] > git rev-parse --show-toplevel [1ms]
2024-01-13 13:04:30.980 [info] fatal: not a git repository (or any of the parent directories): .git
2024-01-13 13:05:12.061 [info] Log level: Info
2024-01-13 13:05:12.061 [info] Validating found git in: "git"
2024-01-13 13:05:12.061 [info] Using git "2.43.0" from "git"
2024-01-13 13:05:12.061 [info] > git rev-parse --show-toplevel [4ms]
2024-01-13 13:05:12.061 [info] fatal: not a git repository (or any of the parent directories): .git
2024-01-13 13:05:13.375 [info] > git rev-parse --show-toplevel [1ms]
2024-01-13 13:05:13.375 [info] fatal: not a git repository (or any of the parent directories): .git
2024-01-13 13:05:24.165 [info] > git rev-parse --show-toplevel [1ms]
2024-01-13 13:05:24.165 [info] fatal: not a git repository (or any of the parent directories): .git
2024-01-13 13:17:54.982 [info] > git rev-parse --show-toplevel [1ms]
2024-01-13 13:17:54.982 [info] fatal: not a git repository (or any of the parent directories): .git
2024-01-13 13:18:00.809 [info] > git rev-parse --show-toplevel [1ms]
2024-01-13 13:18:00.809 [info] fatal: not a git repository (or any of the parent directories): .git
2024-01-13 13:18:02.036 [info] > git rev-parse --show-toplevel [2ms]
2024-01-13 13:18:02.036 [info] fatal: not a git repository (or any of the parent directories): .git
2024-01-13 13:18:06.557 [info] > git rev-parse --show-toplevel [1ms]
2024-01-13 13:18:06.558 [info] fatal: not a git repository (or any of the parent directories): .git
