2024-01-13 00:38:41.955 [info] Extension host with pid 1253 started
2024-01-13 00:38:41.972 [info] ExtensionService#_doActivateExtension vscode.emmet, startup: false, activationEvent: 'onLanguage'
2024-01-13 00:38:42.023 [info] ExtensionService#_doActivateExtension vscode.git-base, startup: true, activationEvent: '*'
2024-01-13 00:38:42.029 [info] ExtensionService#_doActivateExtension vscode.github, startup: true, activationEvent: '*'
2024-01-13 00:38:42.070 [info] Eager extensions activated
2024-01-13 00:38:42.086 [info] ExtensionService#_doActivateExtension vscode.debug-auto-launch, startup: false, activationEvent: 'onStartupFinished'
2024-01-13 00:38:42.092 [info] ExtensionService#_doActivateExtension vscode.merge-conflict, startup: false, activationEvent: 'onStartupFinished'
2024-01-13 00:39:13.845 [info] ExtensionService#_doActivateExtension vscode.git, startup: false, activationEvent: 'api', root cause: vscode.github
2024-01-13 00:39:13.955 [info] ExtensionService#_doActivateExtension ecmel.vscode-html-css, startup: false, activationEvent: 'onStartupFinished'
2024-01-13 00:39:15.668 [info] ExtensionService#_doActivateExtension bungcip.better-toml, startup: false, activationEvent: 'onLanguage:toml'
2024-01-13 01:04:50.188 [info] Extension host terminating: renderer closed the MessagePort
2024-01-13 01:04:50.191 [info] Extension host with pid 1253 exiting with code 0
2024-01-13 01:04:51.899 [info] Extension host with pid 7073 started
2024-01-13 01:04:51.899 [info] Skipping acquiring lock for /home/aexyzk/.config/Code - OSS/User/workspaceStorage/50c324c022036f3a60e465488a5ec39c.
2024-01-13 01:04:51.914 [info] ExtensionService#_doActivateExtension vscode.git-base, startup: true, activationEvent: '*', root cause: vscode.git
2024-01-13 01:04:51.953 [info] ExtensionService#_doActivateExtension vscode.git, startup: true, activationEvent: '*'
2024-01-13 01:04:52.041 [info] ExtensionService#_doActivateExtension vscode.github, startup: true, activationEvent: '*'
2024-01-13 01:04:52.109 [info] Eager extensions activated
2024-01-13 01:04:52.130 [info] ExtensionService#_doActivateExtension vscode.debug-auto-launch, startup: false, activationEvent: 'onStartupFinished'
2024-01-13 01:04:52.132 [info] ExtensionService#_doActivateExtension vscode.merge-conflict, startup: false, activationEvent: 'onStartupFinished'
2024-01-13 01:04:52.152 [info] ExtensionService#_doActivateExtension ecmel.vscode-html-css, startup: false, activationEvent: 'onStartupFinished'
2024-01-13 01:04:55.715 [info] ExtensionService#_doActivateExtension vscode.emmet, startup: false, activationEvent: 'onLanguage'
2024-01-13 01:05:58.822 [info] ExtensionService#_doActivateExtension bungcip.better-toml, startup: false, activationEvent: 'onLanguage:toml'
2024-01-13 01:39:43.493 [info] Extension host terminating: renderer closed the MessagePort
2024-01-13 01:39:43.500 [info] Extension host with pid 7073 exiting with code 0
