2024-01-18 11:17:12.815 [info] Added views:workbench.panel.markers.view in workbench.panel.markers
2024-01-18 11:17:12.815 [info] Added views:workbench.panel.output in workbench.panel.output
2024-01-18 11:17:12.815 [info] Added views:terminal in terminal
2024-01-18 11:17:12.815 [info] Added views:outline in workbench.view.explorer
2024-01-18 11:17:12.815 [info] Added views:workbench.scm in workbench.view.scm
2024-01-18 11:17:12.815 [info] Added views:workbench.view.search in workbench.view.search
2024-01-18 11:17:12.815 [info] Added views:timeline in workbench.view.explorer
2024-01-18 11:17:12.815 [info] Added views:workbench.explorer.fileView in workbench.view.explorer
2024-01-18 11:17:13.067 [info] Added views:workbench.debug.welcome in workbench.view.debug
2024-01-18 11:17:13.624 [info] Added views:workbench.panel.repl.view in workbench.panel.repl
2024-01-18 11:17:13.984 [info] Added views:~remote.forwardedPorts in ~remote.forwardedPortsContainer
2024-01-18 11:17:43.181 [info] Added views:workbench.panel.markers.view in workbench.panel.markers
2024-01-18 11:17:43.181 [info] Added views:workbench.panel.output in workbench.panel.output
2024-01-18 11:17:43.181 [info] Added views:terminal in terminal
2024-01-18 11:17:43.181 [info] Added views:outline in workbench.view.explorer
2024-01-18 11:17:43.181 [info] Added views:workbench.scm in workbench.view.scm
2024-01-18 11:17:43.181 [info] Added views:workbench.view.search in workbench.view.search
2024-01-18 11:17:43.181 [info] Added views:timeline in workbench.view.explorer
2024-01-18 11:17:43.181 [info] Added views:workbench.explorer.fileView in workbench.view.explorer
2024-01-18 11:17:43.569 [info] Added views:workbench.debug.variablesView,workbench.debug.watchExpressionsView,workbench.debug.callStackView,workbench.debug.breakPointsView in workbench.view.debug
2024-01-18 11:17:43.600 [info] Added views:~remote.forwardedPorts in ~remote.forwardedPortsContainer
2024-01-18 11:17:43.787 [info] Added views:workbench.panel.repl.view in workbench.panel.repl
2024-01-18 11:17:43.790 [info] Removed views:workbench.debug.breakPointsView,workbench.debug.callStackView,workbench.debug.watchExpressionsView,workbench.debug.variablesView from workbench.view.debug
2024-01-18 11:17:43.791 [info] Added views:workbench.debug.welcome in workbench.view.debug
2024-01-18 11:18:12.795 [info] Added views:workbench.view.testing in workbench.view.extension.test
2024-01-18 11:20:55.712 [info] Removed views:workbench.view.testing from workbench.view.extension.test
