2024-01-13 00:38:41.336 [info] Added views:workbench.panel.markers.view in workbench.panel.markers
2024-01-13 00:38:41.336 [info] Added views:workbench.panel.output in workbench.panel.output
2024-01-13 00:38:41.336 [info] Added views:terminal in terminal
2024-01-13 00:38:41.336 [info] Added views:outline in workbench.view.explorer
2024-01-13 00:38:41.336 [info] Added views:workbench.scm in workbench.view.scm
2024-01-13 00:38:41.336 [info] Added views:workbench.view.search in workbench.view.search
2024-01-13 00:38:41.336 [info] Added views:timeline in workbench.view.explorer
2024-01-13 00:38:41.336 [info] Added views:workbench.explorer.emptyView in workbench.view.explorer
2024-01-13 00:38:41.476 [info] Added views:workbench.debug.variablesView,workbench.debug.watchExpressionsView,workbench.debug.callStackView,workbench.debug.breakPointsView in workbench.view.debug
2024-01-13 00:38:41.973 [info] Added views:workbench.panel.repl.view in workbench.panel.repl
2024-01-13 00:38:41.974 [info] Removed views:workbench.debug.breakPointsView,workbench.debug.callStackView,workbench.debug.watchExpressionsView,workbench.debug.variablesView from workbench.view.debug
2024-01-13 00:38:41.975 [info] Added views:workbench.debug.welcome in workbench.view.debug
2024-01-13 00:38:42.085 [info] Added views:~remote.forwardedPorts in ~remote.forwardedPortsContainer
2024-01-13 00:39:06.483 [info] Added views:workbench.views.extensions.installed,workbench.views.extensions.popular,extensions.recommendedList in workbench.view.extensions
2024-01-13 00:39:06.487 [info] Removed views:workbench.views.extensions.popular from workbench.view.extensions
2024-01-13 00:39:08.294 [info] Removed views:extensions.recommendedList,workbench.views.extensions.installed from workbench.view.extensions
2024-01-13 00:39:08.304 [info] Added views:workbench.views.extensions.marketplace in workbench.view.extensions
2024-01-13 01:04:51.275 [info] Added views:workbench.panel.markers.view in workbench.panel.markers
2024-01-13 01:04:51.275 [info] Added views:workbench.panel.output in workbench.panel.output
2024-01-13 01:04:51.275 [info] Added views:terminal in terminal
2024-01-13 01:04:51.275 [info] Added views:outline in workbench.view.explorer
2024-01-13 01:04:51.276 [info] Added views:workbench.scm in workbench.view.scm
2024-01-13 01:04:51.276 [info] Added views:workbench.view.search in workbench.view.search
2024-01-13 01:04:51.276 [info] Added views:timeline in workbench.view.explorer
2024-01-13 01:04:51.276 [info] Added views:workbench.explorer.fileView in workbench.view.explorer
2024-01-13 01:04:51.646 [info] Added views:workbench.debug.variablesView,workbench.debug.watchExpressionsView,workbench.debug.callStackView,workbench.debug.breakPointsView in workbench.view.debug
2024-01-13 01:04:51.718 [info] Added views:~remote.forwardedPorts in ~remote.forwardedPortsContainer
2024-01-13 01:04:51.908 [info] Added views:workbench.panel.repl.view in workbench.panel.repl
2024-01-13 01:04:51.912 [info] Removed views:workbench.debug.breakPointsView,workbench.debug.callStackView,workbench.debug.watchExpressionsView,workbench.debug.variablesView from workbench.view.debug
2024-01-13 01:04:51.913 [info] Added views:workbench.debug.welcome in workbench.view.debug
