2024-01-13 13:04:30.424 [info] Extension host with pid 2069 started
2024-01-13 13:04:30.424 [info] Skipping acquiring lock for /home/aexyzk/.config/Code - OSS/User/workspaceStorage/50c324c022036f3a60e465488a5ec39c.
2024-01-13 13:04:30.530 [info] ExtensionService#_doActivateExtension vscode.emmet, startup: false, activationEvent: 'onLanguage'
2024-01-13 13:04:30.605 [info] ExtensionService#_doActivateExtension vscode.git-base, startup: true, activationEvent: '*', root cause: vscode.git
2024-01-13 13:04:30.625 [info] ExtensionService#_doActivateExtension vscode.git, startup: true, activationEvent: '*'
2024-01-13 13:04:30.711 [info] ExtensionService#_doActivateExtension vscode.github, startup: true, activationEvent: '*'
2024-01-13 13:04:30.798 [info] Eager extensions activated
2024-01-13 13:04:30.835 [info] ExtensionService#_doActivateExtension vscode.debug-auto-launch, startup: false, activationEvent: 'onStartupFinished'
2024-01-13 13:04:30.838 [info] ExtensionService#_doActivateExtension vscode.merge-conflict, startup: false, activationEvent: 'onStartupFinished'
2024-01-13 13:04:30.867 [info] ExtensionService#_doActivateExtension ecmel.vscode-html-css, startup: false, activationEvent: 'onStartupFinished'
2024-01-13 13:05:10.740 [info] Extension host terminating: renderer closed the MessagePort
2024-01-13 13:05:10.745 [info] Extension host with pid 2069 exiting with code 0
2024-01-13 13:05:11.819 [info] Extension host with pid 2277 started
2024-01-13 13:05:11.819 [info] Skipping acquiring lock for /home/aexyzk/.config/Code - OSS/User/workspaceStorage/57f8dca2531d8c799aed42045519962c.
2024-01-13 13:05:11.836 [info] ExtensionService#_doActivateExtension vscode.git-base, startup: true, activationEvent: '*', root cause: vscode.git
2024-01-13 13:05:11.857 [info] ExtensionService#_doActivateExtension vscode.git, startup: true, activationEvent: '*'
2024-01-13 13:05:11.946 [info] ExtensionService#_doActivateExtension vscode.github, startup: true, activationEvent: '*'
2024-01-13 13:05:12.019 [info] Eager extensions activated
2024-01-13 13:05:12.040 [info] ExtensionService#_doActivateExtension vscode.debug-auto-launch, startup: false, activationEvent: 'onStartupFinished'
2024-01-13 13:05:12.043 [info] ExtensionService#_doActivateExtension vscode.merge-conflict, startup: false, activationEvent: 'onStartupFinished'
2024-01-13 13:05:12.059 [info] ExtensionService#_doActivateExtension ecmel.vscode-html-css, startup: false, activationEvent: 'onStartupFinished'
2024-01-13 13:05:13.406 [info] ExtensionService#_doActivateExtension vscode.emmet, startup: false, activationEvent: 'onLanguage'
2024-01-13 13:05:14.535 [info] ExtensionService#_doActivateExtension vscode.extension-editing, startup: false, activationEvent: 'onLanguage:json'
2024-01-13 13:05:14.551 [info] ExtensionService#_doActivateExtension vscode.json-language-features, startup: false, activationEvent: 'onLanguage:json'
2024-01-13 13:05:14.612 [info] ExtensionService#_doActivateExtension vscode.npm, startup: false, activationEvent: 'onLanguage:json'
2024-01-13 13:05:24.189 [info] ExtensionService#_doActivateExtension vscode.css-language-features, startup: false, activationEvent: 'onLanguage:css'
2024-01-13 13:17:55.026 [info] ExtensionService#_doActivateExtension bungcip.better-toml, startup: false, activationEvent: 'onLanguage:toml'
2024-01-13 13:46:03.501 [info] Extension host terminating: renderer closed the MessagePort
2024-01-13 13:46:03.512 [info] Extension host with pid 2277 exiting with code 0
