2024-01-13 13:04:29.831 [info] Added views:workbench.panel.markers.view in workbench.panel.markers
2024-01-13 13:04:29.831 [info] Added views:workbench.panel.output in workbench.panel.output
2024-01-13 13:04:29.831 [info] Added views:terminal in terminal
2024-01-13 13:04:29.831 [info] Added views:outline in workbench.view.explorer
2024-01-13 13:04:29.831 [info] Added views:workbench.scm in workbench.view.scm
2024-01-13 13:04:29.831 [info] Added views:workbench.view.search in workbench.view.search
2024-01-13 13:04:29.831 [info] Added views:timeline in workbench.view.explorer
2024-01-13 13:04:29.831 [info] Added views:workbench.explorer.fileView in workbench.view.explorer
2024-01-13 13:04:30.090 [info] Added views:workbench.debug.welcome in workbench.view.debug
2024-01-13 13:04:30.549 [info] Added views:workbench.panel.repl.view in workbench.panel.repl
2024-01-13 13:04:30.782 [info] Added views:~remote.forwardedPorts in ~remote.forwardedPortsContainer
2024-01-13 13:05:11.174 [info] Added views:workbench.panel.markers.view in workbench.panel.markers
2024-01-13 13:05:11.174 [info] Added views:workbench.panel.output in workbench.panel.output
2024-01-13 13:05:11.174 [info] Added views:terminal in terminal
2024-01-13 13:05:11.174 [info] Added views:outline in workbench.view.explorer
2024-01-13 13:05:11.174 [info] Added views:workbench.scm in workbench.view.scm
2024-01-13 13:05:11.174 [info] Added views:workbench.view.search in workbench.view.search
2024-01-13 13:05:11.174 [info] Added views:timeline in workbench.view.explorer
2024-01-13 13:05:11.174 [info] Added views:workbench.explorer.fileView in workbench.view.explorer
2024-01-13 13:05:11.544 [info] Added views:workbench.debug.variablesView,workbench.debug.watchExpressionsView,workbench.debug.callStackView,workbench.debug.breakPointsView in workbench.view.debug
2024-01-13 13:05:11.610 [info] Added views:~remote.forwardedPorts in ~remote.forwardedPortsContainer
2024-01-13 13:05:11.828 [info] Added views:workbench.panel.repl.view in workbench.panel.repl
2024-01-13 13:05:11.831 [info] Removed views:workbench.debug.breakPointsView,workbench.debug.callStackView,workbench.debug.watchExpressionsView,workbench.debug.variablesView from workbench.view.debug
2024-01-13 13:05:11.832 [info] Added views:workbench.debug.welcome in workbench.view.debug
